[debug] [2025-10-31T20:44:43.625Z] ----------------------------------------------------------------------
[debug] [2025-10-31T20:44:43.630Z] Command:       /Users/james14k/.nvm/versions/node/v22.21.0/bin/node /Users/james14k/.nvm/versions/node/v22.21.0/bin/firebase init
[debug] [2025-10-31T20:44:43.631Z] CLI Version:   14.23.0
[debug] [2025-10-31T20:44:43.631Z] Platform:      darwin
[debug] [2025-10-31T20:44:43.631Z] Node Version:  v22.21.0
[debug] [2025-10-31T20:44:43.632Z] Time:          Fri Oct 31 2025 17:44:43 GMT-0300 (Chile Summer Time)
[debug] [2025-10-31T20:44:43.632Z] ----------------------------------------------------------------------
[debug] 
[debug] [2025-10-31T20:44:43.635Z] >>> [apiv2][query] GET https://firebase-public.firebaseio.com/cli.json [none]
[info] 
     ######## #### ########  ######## ########     ###     ######  ########
     ##        ##  ##     ## ##       ##     ##  ##   ##  ##       ##
     ######    ##  ########  ######   ########  #########  ######  ######
     ##        ##  ##    ##  ##       ##     ## ##     ##       ## ##
     ##       #### ##     ## ######## ########  ##     ##  ######  ########

You're about to initialize a Firebase project in this directory:

  /Users/james14k/Desktop/WorkSpace/Duoc Uc/Full Stack/Proyectos Front-end/Projecto_semestral/huerto-hogar-react

[debug] [2025-10-31T20:44:44.173Z] <<< [apiv2][status] GET https://firebase-public.firebaseio.com/cli.json 200
[debug] [2025-10-31T20:44:44.173Z] <<< [apiv2][body] GET https://firebase-public.firebaseio.com/cli.json {"cloudBuildErrorAfter":1594252800000,"cloudBuildWarnAfter":1590019200000,"defaultNode10After":1594252800000,"minVersion":"3.0.5","node8DeploysDisabledAfter":1613390400000,"node8RuntimeDisabledAfter":1615809600000,"node8WarnAfter":1600128000000}
[info] 
=== Project Setup
[info] 
[info] First, let's associate this project directory with a Firebase project.
[info] You can create multiple project aliases by running firebase use --add, 
[info] 
[debug] [2025-10-31T20:47:38.460Z] > command requires scopes: ["email","openid","https://www.googleapis.com/auth/cloudplatformprojects.readonly","https://www.googleapis.com/auth/firebase","https://www.googleapis.com/auth/cloud-platform"]
[debug] [2025-10-31T20:47:38.461Z] > authorizing via signed-in user (hawkdurant.jed@gmail.com)
[debug] [2025-10-31T20:47:38.462Z] Checked if tokens are valid: false, expires at: 1760929520575
[debug] [2025-10-31T20:47:38.462Z] Checked if tokens are valid: false, expires at: 1760929520575
[debug] [2025-10-31T20:47:38.463Z] > refreshing access token with scopes: []
[debug] [2025-10-31T20:47:38.464Z] >>> [apiv2][query] POST https://www.googleapis.com/oauth2/v3/token [none]
[debug] [2025-10-31T20:47:38.464Z] >>> [apiv2][body] POST https://www.googleapis.com/oauth2/v3/token [omitted]
[debug] [2025-10-31T20:47:38.544Z] <<< [apiv2][status] POST https://www.googleapis.com/oauth2/v3/token 200
[debug] [2025-10-31T20:47:38.544Z] <<< [apiv2][body] POST https://www.googleapis.com/oauth2/v3/token [omitted]
[debug] [2025-10-31T20:47:38.564Z] >>> [apiv2][query] GET https://firebase.googleapis.com/v1beta1/projects pageSize=100
[debug] [2025-10-31T20:47:39.112Z] <<< [apiv2][status] GET https://firebase.googleapis.com/v1beta1/projects 200
[debug] [2025-10-31T20:47:39.112Z] <<< [apiv2][body] GET https://firebase.googleapis.com/v1beta1/projects [omitted]
[debug] [2025-10-31T20:49:24.399Z] ----------------------------------------------------------------------
[debug] [2025-10-31T20:49:24.404Z] Command:       /Users/james14k/.nvm/versions/node/v22.21.0/bin/node /Users/james14k/.nvm/versions/node/v22.21.0/bin/firebase init
[debug] [2025-10-31T20:49:24.404Z] CLI Version:   14.23.0
[debug] [2025-10-31T20:49:24.405Z] Platform:      darwin
[debug] [2025-10-31T20:49:24.405Z] Node Version:  v22.21.0
[debug] [2025-10-31T20:49:24.405Z] Time:          Fri Oct 31 2025 17:49:24 GMT-0300 (Chile Summer Time)
[debug] [2025-10-31T20:49:24.406Z] ----------------------------------------------------------------------
[debug] 
[info] 
     ######## #### ########  ######## ########     ###     ######  ########
     ##        ##  ##     ## ##       ##     ##  ##   ##  ##       ##
     ######    ##  ########  ######   ########  #########  ######  ######
     ##        ##  ##    ##  ##       ##     ## ##     ##       ## ##
     ##       #### ##     ## ######## ########  ##     ##  ######  ########

You're about to initialize a Firebase project in this directory:

  /Users/james14k/Desktop/WorkSpace/Duoc Uc/Full Stack/Proyectos Front-end/Projecto_semestral/huerto-hogar-react

[info] 
=== Project Setup
[info] 
[info] First, let's associate this project directory with a Firebase project.
[info] You can create multiple project aliases by running firebase use --add, 
[info] 
[info] i  If you want to create a project in a Google Cloud organization or folder, please use "firebase projects:create" instead, and return to this command when you've created the project. 
[debug] [2025-10-31T20:50:01.031Z] > command requires scopes: ["email","openid","https://www.googleapis.com/auth/cloudplatformprojects.readonly","https://www.googleapis.com/auth/firebase","https://www.googleapis.com/auth/cloud-platform"]
[debug] [2025-10-31T20:50:01.031Z] > authorizing via signed-in user (hawkdurant.jed@gmail.com)
